<?xml version="1.0" encoding="UTF-8"?>
<!-- Generated by org.testng.reporters.JUnitReportReporter -->
<testsuite hostname="work" name="testCases.testNG" tests="1" failures="0" timestamp="27 May 2016 16:39:41 GMT" time="0.910" errors="0">
  <testcase name="verifyHomepageTitle" time="0.910" classname="testCases.testNG"/>
</testsuite> <!-- testCases.testNG -->
