<?xml version="1.0" encoding="UTF-8"?>
<!-- Generated by org.testng.reporters.JUnitReportReporter -->
<testsuite hostname="james-VirtualBox" name="testCases.seleniumTest" tests="2" failures="0" timestamp="24 May 2016 20:44:59 GMT" time="1.472" errors="0">
  <testcase name="testTabExists" time="0.293" classname="testCases.seleniumTest"/>
  <testcase name="testDownloadLinkExists" time="1.179" classname="testCases.seleniumTest"/>
</testsuite> <!-- testCases.seleniumTest -->
