<?xml version="1.0" encoding="UTF-8"?>
<!-- Generated by org.testng.reporters.JUnitReportReporter -->
<testsuite hostname="work" name="testCases.testNG" tests="2" failures="0" timestamp="7 Jun 2016 18:59:25 GMT" time="4.896" errors="0">
  <testcase name="googleTest" time="3.189" classname="testCases.testNG"/>
  <testcase name="verifyHomepageTitle" time="1.707" classname="testCases.testNG"/>
</testsuite> <!-- testCases.testNG -->
